<?xml version="1.0" encoding="UTF-8"?>
<testng-results ignored="0" total="12" passed="12" failed="0" skipped="0">
  <reporter-output>
  </reporter-output>
  <suite started-at="2022-12-07T00:12:03 MSK" name="test" finished-at="2022-12-07T00:12:46 MSK" duration-ms="43775">
    <groups>
    </groups>
    <test started-at="2022-12-07T00:12:03 MSK" name="All tests" finished-at="2022-12-07T00:12:46 MSK" duration-ms="43775">
      <class name="pages.heroku.DynamicControlsPageTest">
        <test-method is-config="true" signature="setUp()[pri:0, instance:pages.heroku.DynamicControlsPageTest@dd3b207]" started-at="2022-12-07T00:12:31 MSK" name="setUp" finished-at="2022-12-07T00:12:32 MSK" duration-ms="1427" status="PASS">
          <reporter-output>
          </reporter-output>
        </test-method> <!-- setUp -->
        <test-method is-config="true" signature="navigateToDynamicControlsPageTest()[pri:0, instance:pages.heroku.DynamicControlsPageTest@dd3b207]" started-at="2022-12-07T00:12:32 MSK" name="navigateToDynamicControlsPageTest" finished-at="2022-12-07T00:12:42 MSK" duration-ms="9447" status="PASS">
          <reporter-output>
          </reporter-output>
        </test-method> <!-- navigateToDynamicControlsPageTest -->
        <test-method signature="isInputFieldNotEnabledBeforeClickEnableButtonTest()[pri:0, instance:pages.heroku.DynamicControlsPageTest@dd3b207]" started-at="2022-12-07T00:12:42 MSK" name="isInputFieldNotEnabledBeforeClickEnableButtonTest" finished-at="2022-12-07T00:12:42 MSK" duration-ms="1" status="PASS">
          <reporter-output>
          </reporter-output>
        </test-method> <!-- isInputFieldNotEnabledBeforeClickEnableButtonTest -->
        <test-method signature="isCheckboxNotDisplayedAfterClickRemoveButtonTest()[pri:0, instance:pages.heroku.DynamicControlsPageTest@dd3b207]" started-at="2022-12-07T00:12:42 MSK" name="isCheckboxNotDisplayedAfterClickRemoveButtonTest" finished-at="2022-12-07T00:12:42 MSK" duration-ms="0" status="PASS">
          <reporter-output>
          </reporter-output>
        </test-method> <!-- isCheckboxNotDisplayedAfterClickRemoveButtonTest -->
        <test-method signature="isInputFieldEnabledAfterClickEnableButtonTest()[pri:0, instance:pages.heroku.DynamicControlsPageTest@dd3b207]" started-at="2022-12-07T00:12:42 MSK" name="isInputFieldEnabledAfterClickEnableButtonTest" finished-at="2022-12-07T00:12:42 MSK" duration-ms="0" status="PASS">
          <reporter-output>
          </reporter-output>
        </test-method> <!-- isInputFieldEnabledAfterClickEnableButtonTest -->
        <test-method is-config="true" signature="closeBrowser()[pri:0, instance:pages.heroku.DynamicControlsPageTest@dd3b207]" started-at="2022-12-07T00:12:42 MSK" name="closeBrowser" finished-at="2022-12-07T00:12:42 MSK" duration-ms="663" status="PASS">
          <reporter-output>
          </reporter-output>
        </test-method> <!-- closeBrowser -->
        <test-method signature="isMessageAppearAfterClickRemoveButtonTest()[pri:0, instance:pages.heroku.DynamicControlsPageTest@dd3b207]" started-at="2022-12-07T00:12:42 MSK" name="isMessageAppearAfterClickRemoveButtonTest" finished-at="2022-12-07T00:12:42 MSK" duration-ms="0" status="PASS">
          <reporter-output>
          </reporter-output>
        </test-method> <!-- isMessageAppearAfterClickRemoveButtonTest -->
        <test-method signature="isMessageAppearAfterClickEnableButtonTest()[pri:0, instance:pages.heroku.DynamicControlsPageTest@dd3b207]" started-at="2022-12-07T00:12:42 MSK" name="isMessageAppearAfterClickEnableButtonTest" finished-at="2022-12-07T00:12:42 MSK" duration-ms="0" status="PASS">
          <reporter-output>
          </reporter-output>
        </test-method> <!-- isMessageAppearAfterClickEnableButtonTest -->
      </class> <!-- pages.heroku.DynamicControlsPageTest -->
      <class name="pages.heroku.ContextMenuPageTest">
        <test-method is-config="true" signature="setUp()[pri:0, instance:pages.heroku.ContextMenuPageTest@78a2da20]" started-at="2022-12-07T00:12:03 MSK" name="setUp" finished-at="2022-12-07T00:12:06 MSK" duration-ms="3247" status="PASS">
          <reporter-output>
          </reporter-output>
        </test-method> <!-- setUp -->
        <test-method signature="isAlertAppearAfterRightClickOnBoxTest()[pri:0, instance:pages.heroku.ContextMenuPageTest@78a2da20]" started-at="2022-12-07T00:12:06 MSK" name="isAlertAppearAfterRightClickOnBoxTest" finished-at="2022-12-07T00:12:09 MSK" duration-ms="3114" status="PASS">
          <reporter-output>
          </reporter-output>
        </test-method> <!-- isAlertAppearAfterRightClickOnBoxTest -->
        <test-method is-config="true" signature="closeBrowser()[pri:0, instance:pages.heroku.ContextMenuPageTest@78a2da20]" started-at="2022-12-07T00:12:09 MSK" name="closeBrowser" finished-at="2022-12-07T00:12:10 MSK" duration-ms="631" status="PASS">
          <reporter-output>
          </reporter-output>
        </test-method> <!-- closeBrowser -->
      </class> <!-- pages.heroku.ContextMenuPageTest -->
      <class name="pages.heroku.FileUploadPageTest">
        <test-method is-config="true" signature="setUp()[pri:0, instance:pages.heroku.FileUploadPageTest@551bdc27]" started-at="2022-12-07T00:12:10 MSK" name="setUp" finished-at="2022-12-07T00:12:11 MSK" duration-ms="1518" status="PASS">
          <reporter-output>
          </reporter-output>
        </test-method> <!-- setUp -->
        <test-method signature="isFileUploadedAfterClickUploadButtonTest()[pri:0, instance:pages.heroku.FileUploadPageTest@551bdc27]" started-at="2022-12-07T00:12:11 MSK" name="isFileUploadedAfterClickUploadButtonTest" finished-at="2022-12-07T00:12:14 MSK" duration-ms="3174" status="PASS">
          <reporter-output>
          </reporter-output>
        </test-method> <!-- isFileUploadedAfterClickUploadButtonTest -->
        <test-method is-config="true" signature="closeBrowser()[pri:0, instance:pages.heroku.FileUploadPageTest@551bdc27]" started-at="2022-12-07T00:12:14 MSK" name="closeBrowser" finished-at="2022-12-07T00:12:15 MSK" duration-ms="611" status="PASS">
          <reporter-output>
          </reporter-output>
        </test-method> <!-- closeBrowser -->
      </class> <!-- pages.heroku.FileUploadPageTest -->
      <class name="pages.onliner.OnlinerHomePageTest">
        <test-method is-config="true" signature="setUp()[pri:0, instance:pages.onliner.OnlinerHomePageTest@7bc1a03d]" started-at="2022-12-07T00:12:15 MSK" name="setUp" finished-at="2022-12-07T00:12:16 MSK" duration-ms="1497" status="PASS">
          <reporter-output>
          </reporter-output>
        </test-method> <!-- setUp -->
        <test-method signature="isCaptionOfProductEqualsProductNameInSearchFieldTest()[pri:0, instance:pages.onliner.OnlinerHomePageTest@7bc1a03d]" started-at="2022-12-07T00:12:16 MSK" name="isCaptionOfProductEqualsProductNameInSearchFieldTest" finished-at="2022-12-07T00:12:24 MSK" duration-ms="7223" status="PASS">
          <reporter-output>
          </reporter-output>
        </test-method> <!-- isCaptionOfProductEqualsProductNameInSearchFieldTest -->
        <test-method is-config="true" signature="closeBrowser()[pri:0, instance:pages.onliner.OnlinerHomePageTest@7bc1a03d]" started-at="2022-12-07T00:12:24 MSK" name="closeBrowser" finished-at="2022-12-07T00:12:24 MSK" duration-ms="682" status="PASS">
          <reporter-output>
          </reporter-output>
        </test-method> <!-- closeBrowser -->
      </class> <!-- pages.onliner.OnlinerHomePageTest -->
      <class name="pages.heroku.JavaScriptAlertsPageTest">
        <test-method is-config="true" signature="setUp()[pri:0, instance:pages.heroku.JavaScriptAlertsPageTest@6b1274d2]" started-at="2022-12-07T00:12:42 MSK" name="setUp" finished-at="2022-12-07T00:12:44 MSK" duration-ms="1455" status="PASS">
          <reporter-output>
          </reporter-output>
        </test-method> <!-- setUp -->
        <test-method is-config="true" signature="navigateToJavaScriptAlertsPageTest()[pri:0, instance:pages.heroku.JavaScriptAlertsPageTest@6b1274d2]" started-at="2022-12-07T00:12:44 MSK" name="navigateToJavaScriptAlertsPageTest" finished-at="2022-12-07T00:12:45 MSK" duration-ms="1792" status="PASS">
          <reporter-output>
          </reporter-output>
        </test-method> <!-- navigateToJavaScriptAlertsPageTest -->
        <test-method signature="isActualMessageAfterClosingPromptContainInputDataTest()[pri:0, instance:pages.heroku.JavaScriptAlertsPageTest@6b1274d2]" started-at="2022-12-07T00:12:45 MSK" name="isActualMessageAfterClosingPromptContainInputDataTest" finished-at="2022-12-07T00:12:46 MSK" duration-ms="130" status="PASS">
          <reporter-output>
          </reporter-output>
        </test-method> <!-- isActualMessageAfterClosingPromptContainInputDataTest -->
        <test-method signature="isExpectedMessageEqualsActualAfterCancelButtonTest()[pri:0, instance:pages.heroku.JavaScriptAlertsPageTest@6b1274d2]" started-at="2022-12-07T00:12:46 MSK" name="isExpectedMessageEqualsActualAfterCancelButtonTest" finished-at="2022-12-07T00:12:46 MSK" duration-ms="89" status="PASS">
          <reporter-output>
          </reporter-output>
        </test-method> <!-- isExpectedMessageEqualsActualAfterCancelButtonTest -->
        <test-method signature="isExpectedMessageEqualsActualAfterOkButtonTest()[pri:0, instance:pages.heroku.JavaScriptAlertsPageTest@6b1274d2]" started-at="2022-12-07T00:12:46 MSK" name="isExpectedMessageEqualsActualAfterOkButtonTest" finished-at="2022-12-07T00:12:46 MSK" duration-ms="86" status="PASS">
          <reporter-output>
          </reporter-output>
        </test-method> <!-- isExpectedMessageEqualsActualAfterOkButtonTest -->
        <test-method is-config="true" signature="closeBrowser()[pri:0, instance:pages.heroku.JavaScriptAlertsPageTest@6b1274d2]" started-at="2022-12-07T00:12:46 MSK" name="closeBrowser" finished-at="2022-12-07T00:12:46 MSK" duration-ms="629" status="PASS">
          <reporter-output>
          </reporter-output>
        </test-method> <!-- closeBrowser -->
      </class> <!-- pages.heroku.JavaScriptAlertsPageTest -->
      <class name="pages.heroku.FramesPageTest">
        <test-method is-config="true" signature="setUp()[pri:0, instance:pages.heroku.FramesPageTest@58fdd99]" started-at="2022-12-07T00:12:24 MSK" name="setUp" finished-at="2022-12-07T00:12:26 MSK" duration-ms="1510" status="PASS">
          <reporter-output>
          </reporter-output>
        </test-method> <!-- setUp -->
        <test-method signature="isAlignCenterButtonEnabledTest()[pri:0, instance:pages.heroku.FramesPageTest@58fdd99]" started-at="2022-12-07T00:12:26 MSK" name="isAlignCenterButtonEnabledTest" finished-at="2022-12-07T00:12:30 MSK" duration-ms="4143" status="PASS">
          <reporter-output>
          </reporter-output>
        </test-method> <!-- isAlignCenterButtonEnabledTest -->
        <test-method is-config="true" signature="closeBrowser()[pri:0, instance:pages.heroku.FramesPageTest@58fdd99]" started-at="2022-12-07T00:12:30 MSK" name="closeBrowser" finished-at="2022-12-07T00:12:31 MSK" duration-ms="646" status="PASS">
          <reporter-output>
          </reporter-output>
        </test-method> <!-- closeBrowser -->
      </class> <!-- pages.heroku.FramesPageTest -->
    </test> <!-- All tests -->
  </suite> <!-- test -->
</testng-results>
