<?xml version="1.0" encoding="UTF-8"?>
<testsuite name="TestSuite" time="17.949" tests="12" errors="0" skipped="0" failures="0">
  <properties>
[...]
</properties>
  <testcase name="isAlertAppearAfterRightClickOnBoxTest" classname="pages.heroku.ContextMenuPageTest" time="3.102"/>
  <testcase name="isFileUploadedAfterClickUploadButtonTest" classname="pages.heroku.FileUploadPageTest" time="3.175"/>
  <testcase name="isCaptionOfProductEqualsProductNameInSearchFieldTest" classname="pages.onliner.OnlinerHomePageTest" time="7.224"/>
  <testcase name="isAlignCenterButtonEnabledTest" classname="pages.heroku.FramesPageTest" time="4.143"/>
  <testcase name="isCheckboxNotDisplayedAfterClickRemoveButtonTest" classname="pages.heroku.DynamicControlsPageTest" time="0"/>
  <testcase name="isInputFieldEnabledAfterClickEnableButtonTest" classname="pages.heroku.DynamicControlsPageTest" time="0"/>
  <testcase name="isInputFieldNotEnabledBeforeClickEnableButtonTest" classname="pages.heroku.DynamicControlsPageTest" time="0"/>
  <testcase name="isMessageAppearAfterClickEnableButtonTest" classname="pages.heroku.DynamicControlsPageTest" time="0"/>
  <testcase name="isMessageAppearAfterClickRemoveButtonTest" classname="pages.heroku.DynamicControlsPageTest" time="0"/>
  <testcase name="isActualMessageAfterClosingPromptContainInputDataTest" classname="pages.heroku.JavaScriptAlertsPageTest" time="0.129"/>
  <testcase name="isExpectedMessageEqualsActualAfterCancelButtonTest" classname="pages.heroku.JavaScriptAlertsPageTest" time="0.089"/>
  <testcase name="isExpectedMessageEqualsActualAfterOkButtonTest" classname="pages.heroku.JavaScriptAlertsPageTest" time="0.087"/>
</testsuite>