<?xml version="1.0" encoding="UTF-8"?>
<!-- Generated by org.testng.reporters.JUnitXMLReporter -->
<testsuite ignored="0" hostname="DESKTOP-V33SLE7" failures="0" tests="7" name="All tests" time="8.409" errors="0" timestamp="2022-12-09T13:35:40 MSK">
  <testcase classname="api.CatFactsTests" name="areLengthsInResponseEqualsOrLessThanLengthInQueryParameterTest" time="3.712"/>
  <testcase classname="api.CatFactsTests" name="checkStatusCodeGetFactTest" time="0.533"/>
  <testcase classname="api.CatFactsTests" name="checkStatusCodeGetFactsTest" time="0.48"/>
  <testcase classname="api.CatFactsTests" name="isLengthInResponseEqualsOrLessThanLengthInQueryParameterTest" time="0.726"/>
  <testcase classname="api.CatFactsTests" name="isSizeOfFactsInResponseEqualsLimitInQueryParameterTest" time="0.469"/>
  <testcase classname="api.BreedTests" name="checkStatusCodeGetBreedsTest" time="0.478"/>
  <testcase classname="api.BreedTests" name="isSizeOfBreedsInResponseEqualsLimitInQueryParameterTest" time="0.474"/>
</testsuite> <!-- All tests -->
