<?xml version="1.0" encoding="UTF-8"?>
<testsuite xmlns:xsi="http://www.w3.org/2001/XMLSchema-instance" xsi:noNamespaceSchemaLocation="https://maven.apache.org/surefire/maven-surefire-plugin/xsd/surefire-test-report.xsd" name="TestSuite" time="10.455" tests="7" errors="0" skipped="0" failures="0">
  <properties>
[...]
</properties>
  <testcase name="areLengthsInResponseEqualsOrLessThanLengthInQueryParameterTest" classname="api.CatFactsTests" time="3.885"/>
  <testcase name="checkStatusCodeGetFactTest" classname="api.CatFactsTests" time="0.535"/>
  <testcase name="checkStatusCodeGetFactsTest" classname="api.CatFactsTests" time="0.482"/>
  <testcase name="isLengthInResponseEqualsOrLessThanLengthInQueryParameterTest" classname="api.CatFactsTests" time="0.729"/>
  <testcase name="isSizeOfFactsInResponseEqualsLimitInQueryParameterTest" classname="api.CatFactsTests" time="0.47"/>
  <testcase name="checkStatusCodeGetBreedsTest" classname="api.BreedTests" time="0.48"/>
  <testcase name="isSizeOfBreedsInResponseEqualsLimitInQueryParameterTest" classname="api.BreedTests" time="0.476"/>
</testsuite>