<?xml version="1.0" encoding="UTF-8"?>
<testng-results ignored="0" total="7" passed="7" failed="0" skipped="0">
  <reporter-output>
  </reporter-output>
  <suite started-at="2022-12-09T13:35:31 MSK" name="test" finished-at="2022-12-09T13:35:40 MSK" duration-ms="8409">
    <groups>
    </groups>
    <test started-at="2022-12-09T13:35:31 MSK" name="All tests" finished-at="2022-12-09T13:35:40 MSK" duration-ms="8409">
      <class name="api.CatFactsTests">
        <test-method is-config="true" signature="init()[pri:0, instance:api.CatFactsTests@56303475]" started-at="2022-12-09T13:35:31 MSK" name="init" finished-at="2022-12-09T13:35:33 MSK" duration-ms="1275" status="PASS">
          <reporter-output>
          </reporter-output>
        </test-method> <!-- init -->
        <test-method signature="areLengthsInResponseEqualsOrLessThanLengthInQueryParameterTest()[pri:0, instance:api.CatFactsTests@56303475]" started-at="2022-12-09T13:35:33 MSK" name="areLengthsInResponseEqualsOrLessThanLengthInQueryParameterTest" finished-at="2022-12-09T13:35:37 MSK" duration-ms="3712" status="PASS">
          <reporter-output>
          </reporter-output>
        </test-method> <!-- areLengthsInResponseEqualsOrLessThanLengthInQueryParameterTest -->
        <test-method signature="checkStatusCodeGetFactTest()[pri:0, instance:api.CatFactsTests@56303475]" started-at="2022-12-09T13:35:37 MSK" name="checkStatusCodeGetFactTest" finished-at="2022-12-09T13:35:37 MSK" duration-ms="533" status="PASS">
          <reporter-output>
          </reporter-output>
        </test-method> <!-- checkStatusCodeGetFactTest -->
        <test-method signature="checkStatusCodeGetFactsTest()[pri:0, instance:api.CatFactsTests@56303475]" started-at="2022-12-09T13:35:37 MSK" name="checkStatusCodeGetFactsTest" finished-at="2022-12-09T13:35:38 MSK" duration-ms="480" status="PASS">
          <reporter-output>
          </reporter-output>
        </test-method> <!-- checkStatusCodeGetFactsTest -->
        <test-method signature="isLengthInResponseEqualsOrLessThanLengthInQueryParameterTest()[pri:0, instance:api.CatFactsTests@56303475]" started-at="2022-12-09T13:35:38 MSK" name="isLengthInResponseEqualsOrLessThanLengthInQueryParameterTest" finished-at="2022-12-09T13:35:38 MSK" duration-ms="726" status="PASS">
          <reporter-output>
          </reporter-output>
        </test-method> <!-- isLengthInResponseEqualsOrLessThanLengthInQueryParameterTest -->
        <test-method signature="isSizeOfFactsInResponseEqualsLimitInQueryParameterTest()[pri:0, instance:api.CatFactsTests@56303475]" started-at="2022-12-09T13:35:38 MSK" name="isSizeOfFactsInResponseEqualsLimitInQueryParameterTest" finished-at="2022-12-09T13:35:39 MSK" duration-ms="469" status="PASS">
          <reporter-output>
          </reporter-output>
        </test-method> <!-- isSizeOfFactsInResponseEqualsLimitInQueryParameterTest -->
      </class> <!-- api.CatFactsTests -->
      <class name="api.BreedTests">
        <test-method is-config="true" signature="init()[pri:0, instance:api.BreedTests@2e380628]" started-at="2022-12-09T13:35:39 MSK" name="init" finished-at="2022-12-09T13:35:39 MSK" duration-ms="1" status="PASS">
          <reporter-output>
          </reporter-output>
        </test-method> <!-- init -->
        <test-method signature="checkStatusCodeGetBreedsTest()[pri:0, instance:api.BreedTests@2e380628]" started-at="2022-12-09T13:35:39 MSK" name="checkStatusCodeGetBreedsTest" finished-at="2022-12-09T13:35:39 MSK" duration-ms="478" status="PASS">
          <reporter-output>
          </reporter-output>
        </test-method> <!-- checkStatusCodeGetBreedsTest -->
        <test-method signature="isSizeOfBreedsInResponseEqualsLimitInQueryParameterTest()[pri:0, instance:api.BreedTests@2e380628]" started-at="2022-12-09T13:35:39 MSK" name="isSizeOfBreedsInResponseEqualsLimitInQueryParameterTest" finished-at="2022-12-09T13:35:40 MSK" duration-ms="474" status="PASS">
          <reporter-output>
          </reporter-output>
        </test-method> <!-- isSizeOfBreedsInResponseEqualsLimitInQueryParameterTest -->
      </class> <!-- api.BreedTests -->
    </test> <!-- All tests -->
  </suite> <!-- test -->
</testng-results>
