<?xml version="1.0" encoding="UTF-8"?>
<!-- Generated by org.testng.reporters.JUnitXMLReporter -->
<testsuite ignored="0" hostname="DESKTOP-V33SLE7" failures="0" tests="12" name="All tests" time="47.403" errors="0" timestamp="2022-12-05T21:19:16 MSK">
  <testcase classname="pages.heroku.ContextMenuPageTest" name="isAlertAppearAfterRightClickOnBoxTest" time="2.698"/>
  <testcase classname="pages.heroku.FileUploadPageTest" name="isFileUploadedAfterClickUploadButtonTest" time="5.527"/>
  <testcase classname="pages.onliner.OnlinerHomePageTest" name="isCaptionOfProductEqualsProductNameInSearchFieldTest" time="8.882"/>
  <testcase classname="pages.heroku.FramesPageTest" name="isAlignCenterButtonEnabledTest" time="4.469"/>
  <testcase classname="pages.heroku.DynamicControlsPageTest" name="isCheckboxNotDisplayedAfterClickRemoveButtonTest" time="0.0"/>
  <testcase classname="pages.heroku.DynamicControlsPageTest" name="isInputFieldEnabledAfterClickEnableButtonTest" time="0.0"/>
  <testcase classname="pages.heroku.DynamicControlsPageTest" name="isInputFieldNotEnabledBeforeClickEnableButtonTest" time="0.0"/>
  <testcase classname="pages.heroku.DynamicControlsPageTest" name="isMessageAppearAfterClickEnableButtonTest" time="0.0"/>
  <testcase classname="pages.heroku.DynamicControlsPageTest" name="isMessageAppearAfterClickRemoveButtonTest" time="0.0"/>
  <testcase classname="pages.heroku.JavaScriptAlertsPageTest" name="isActualMessageAfterClosingPromptContainInputDataTest" time="0.125"/>
  <testcase classname="pages.heroku.JavaScriptAlertsPageTest" name="isExpectedMessageEqualsActualAfterCancelButtonTest" time="0.094"/>
  <testcase classname="pages.heroku.JavaScriptAlertsPageTest" name="isExpectedMessageEqualsActualAfterOkButtonTest" time="0.089"/>
</testsuite> <!-- All tests -->
