<?xml version="1.0" encoding="UTF-8"?>
<!-- Generated by org.testng.reporters.JUnitXMLReporter -->
<testsuite ignored="0" hostname="DESKTOP-V33SLE7" failures="0" tests="12" name="All tests" time="43.775" errors="0" timestamp="2022-12-07T00:12:46 MSK">
  <testcase classname="pages.heroku.ContextMenuPageTest" name="isAlertAppearAfterRightClickOnBoxTest" time="3.114"/>
  <testcase classname="pages.heroku.FileUploadPageTest" name="isFileUploadedAfterClickUploadButtonTest" time="3.174"/>
  <testcase classname="pages.onliner.OnlinerHomePageTest" name="isCaptionOfProductEqualsProductNameInSearchFieldTest" time="7.223"/>
  <testcase classname="pages.heroku.FramesPageTest" name="isAlignCenterButtonEnabledTest" time="4.143"/>
  <testcase classname="pages.heroku.DynamicControlsPageTest" name="isCheckboxNotDisplayedAfterClickRemoveButtonTest" time="0.0"/>
  <testcase classname="pages.heroku.DynamicControlsPageTest" name="isInputFieldEnabledAfterClickEnableButtonTest" time="0.0"/>
  <testcase classname="pages.heroku.DynamicControlsPageTest" name="isInputFieldNotEnabledBeforeClickEnableButtonTest" time="0.001"/>
  <testcase classname="pages.heroku.DynamicControlsPageTest" name="isMessageAppearAfterClickEnableButtonTest" time="0.0"/>
  <testcase classname="pages.heroku.DynamicControlsPageTest" name="isMessageAppearAfterClickRemoveButtonTest" time="0.0"/>
  <testcase classname="pages.heroku.JavaScriptAlertsPageTest" name="isActualMessageAfterClosingPromptContainInputDataTest" time="0.13"/>
  <testcase classname="pages.heroku.JavaScriptAlertsPageTest" name="isExpectedMessageEqualsActualAfterCancelButtonTest" time="0.089"/>
  <testcase classname="pages.heroku.JavaScriptAlertsPageTest" name="isExpectedMessageEqualsActualAfterOkButtonTest" time="0.086"/>
</testsuite> <!-- All tests -->
